<?xml version="1.0" encoding="UTF-8"?>
<!-- Generated by org.testng.reporters.JUnitXMLReporter -->
<testsuite hostname="DESKTOP-KJQ2J7E" failures="4" tests="6" name="RetryMulitpleFailedTestCases" time="169.249" errors="0" timestamp="25 May 2021 10:07:22 GMT">
  <testcase classname="testNG.prioritydemo" name="facebook" time="11.624"/>
  <testcase classname="testNG.prioritydemo" name="freecrm" time="26.042"/>
  <testcase classname="testNG.prioritydemo" name="youtube" time="14.115">
    <failure type="junit.framework.AssertionFailedError">
      <![CDATA[junit.framework.AssertionFailedError
	at junit.framework.Assert.fail(Assert.java:48)
	at junit.framework.Assert.assertTrue(Assert.java:20)
	at junit.framework.Assert.assertTrue(Assert.java:27)
	at testNG.prioritydemo.youtube(prioritydemo.java:31)
... Removed 24 stack frames]]>
    </failure>
  </testcase> <!-- youtube -->
  <testcase classname="testNG.prioritydemo" name="youtube" time="20.413">
    <failure type="junit.framework.AssertionFailedError">
      <![CDATA[junit.framework.AssertionFailedError
	at junit.framework.Assert.fail(Assert.java:48)
	at junit.framework.Assert.assertTrue(Assert.java:20)
	at junit.framework.Assert.assertTrue(Assert.java:27)
	at testNG.prioritydemo.youtube(prioritydemo.java:31)
... Removed 24 stack frames]]>
    </failure>
  </testcase> <!-- youtube -->
  <testcase classname="testNG.prioritydemo" name="youtube" time="44.673">
    <failure type="junit.framework.AssertionFailedError">
      <![CDATA[junit.framework.AssertionFailedError
	at junit.framework.Assert.fail(Assert.java:48)
	at junit.framework.Assert.assertTrue(Assert.java:20)
	at junit.framework.Assert.assertTrue(Assert.java:27)
	at testNG.prioritydemo.youtube(prioritydemo.java:31)
... Removed 24 stack frames]]>
    </failure>
  </testcase> <!-- youtube -->
  <testcase classname="testNG.prioritydemo" name="youtube" time="52.341">
    <failure type="junit.framework.AssertionFailedError">
      <![CDATA[junit.framework.AssertionFailedError
	at junit.framework.Assert.fail(Assert.java:48)
	at junit.framework.Assert.assertTrue(Assert.java:20)
	at junit.framework.Assert.assertTrue(Assert.java:27)
	at testNG.prioritydemo.youtube(prioritydemo.java:31)
... Removed 24 stack frames]]>
    </failure>
  </testcase> <!-- youtube -->
</testsuite> <!-- RetryMulitpleFailedTestCases -->
